<?xml version="1.0" encoding="UTF-8"?>
<testsuite xmlns:xsi="http://www.w3.org/2001/XMLSchema-instance" xsi:noNamespaceSchemaLocation="https://maven.apache.org/surefire/maven-surefire-plugin/xsd/surefire-test-report-3.0.xsd" version="3.0" name="com.max.app.util.NumberUtilsTest" time="0.14" tests="116" errors="0" skipped="0" failures="0">
  <properties>
[...]
</properties>
  <testcase name="isPalindromeFalse(int)[1]" classname="com.max.app.util.NumberUtilsTest" time="0.058"/>
  <testcase name="isPalindromeFalse(int)[2]" classname="com.max.app.util.NumberUtilsTest" time="0.001"/>
  <testcase name="isPalindromeFalse(int)[3]" classname="com.max.app.util.NumberUtilsTest" time="0"/>
  <testcase name="isPalindromeFalse(int)[4]" classname="com.max.app.util.NumberUtilsTest" time="0"/>
  <testcase name="isPalindromeFalse(int)[5]" classname="com.max.app.util.NumberUtilsTest" time="0.001"/>
  <testcase name="isPalindromeFalse(int)[6]" classname="com.max.app.util.NumberUtilsTest" time="0.001"/>
  <testcase name="isPalindromeFalse(int)[7]" classname="com.max.app.util.NumberUtilsTest" time="0.001"/>
  <testcase name="isPalindromeFalse(int)[8]" classname="com.max.app.util.NumberUtilsTest" time="0"/>
  <testcase name="isPalindromeFalse(int)[9]" classname="com.max.app.util.NumberUtilsTest" time="0"/>
  <testcase name="checkAllMethodConsistent" classname="com.max.app.util.NumberUtilsTest" time="0"/>
  <testcase name="checkAllMethodConsistent" classname="com.max.app.util.NumberUtilsTest" time="0.001"/>
  <testcase name="checkAllMethodConsistent" classname="com.max.app.util.NumberUtilsTest" time="0"/>
  <testcase name="checkAllMethodConsistent" classname="com.max.app.util.NumberUtilsTest" time="0.001"/>
  <testcase name="checkAllMethodConsistent" classname="com.max.app.util.NumberUtilsTest" time="0"/>
  <testcase name="checkAllMethodConsistent" classname="com.max.app.util.NumberUtilsTest" time="0"/>
  <testcase name="checkAllMethodConsistent" classname="com.max.app.util.NumberUtilsTest" time="0"/>
  <testcase name="checkAllMethodConsistent" classname="com.max.app.util.NumberUtilsTest" time="0"/>
  <testcase name="checkAllMethodConsistent" classname="com.max.app.util.NumberUtilsTest" time="0.001"/>
  <testcase name="checkAllMethodConsistent" classname="com.max.app.util.NumberUtilsTest" time="0"/>
  <testcase name="checkAllMethodConsistent" classname="com.max.app.util.NumberUtilsTest" time="0"/>
  <testcase name="checkAllMethodConsistent" classname="com.max.app.util.NumberUtilsTest" time="0"/>
  <testcase name="checkAllMethodConsistent" classname="com.max.app.util.NumberUtilsTest" time="0"/>
  <testcase name="checkAllMethodConsistent" classname="com.max.app.util.NumberUtilsTest" time="0.001"/>
  <testcase name="checkAllMethodConsistent" classname="com.max.app.util.NumberUtilsTest" time="0.001"/>
  <testcase name="checkAllMethodConsistent" classname="com.max.app.util.NumberUtilsTest" time="0.001"/>
  <testcase name="checkAllMethodConsistent" classname="com.max.app.util.NumberUtilsTest" time="0"/>
  <testcase name="checkAllMethodConsistent" classname="com.max.app.util.NumberUtilsTest" time="0"/>
  <testcase name="checkAllMethodConsistent" classname="com.max.app.util.NumberUtilsTest" time="0"/>
  <testcase name="checkAllMethodConsistent" classname="com.max.app.util.NumberUtilsTest" time="0.001"/>
  <testcase name="checkAllMethodConsistent" classname="com.max.app.util.NumberUtilsTest" time="0"/>
  <testcase name="checkAllMethodConsistent" classname="com.max.app.util.NumberUtilsTest" time="0"/>
  <testcase name="checkAllMethodConsistent" classname="com.max.app.util.NumberUtilsTest" time="0"/>
  <testcase name="checkAllMethodConsistent" classname="com.max.app.util.NumberUtilsTest" time="0"/>
  <testcase name="checkAllMethodConsistent" classname="com.max.app.util.NumberUtilsTest" time="0"/>
  <testcase name="checkAllMethodConsistent" classname="com.max.app.util.NumberUtilsTest" time="0"/>
  <testcase name="checkAllMethodConsistent" classname="com.max.app.util.NumberUtilsTest" time="0"/>
  <testcase name="checkAllMethodConsistent" classname="com.max.app.util.NumberUtilsTest" time="0"/>
  <testcase name="checkAllMethodConsistent" classname="com.max.app.util.NumberUtilsTest" time="0.001"/>
  <testcase name="checkAllMethodConsistent" classname="com.max.app.util.NumberUtilsTest" time="0"/>
  <testcase name="checkAllMethodConsistent" classname="com.max.app.util.NumberUtilsTest" time="0.001"/>
  <testcase name="checkAllMethodConsistent" classname="com.max.app.util.NumberUtilsTest" time="0"/>
  <testcase name="checkAllMethodConsistent" classname="com.max.app.util.NumberUtilsTest" time="0"/>
  <testcase name="checkAllMethodConsistent" classname="com.max.app.util.NumberUtilsTest" time="0.001"/>
  <testcase name="checkAllMethodConsistent" classname="com.max.app.util.NumberUtilsTest" time="0"/>
  <testcase name="checkAllMethodConsistent" classname="com.max.app.util.NumberUtilsTest" time="0"/>
  <testcase name="checkAllMethodConsistent" classname="com.max.app.util.NumberUtilsTest" time="0"/>
  <testcase name="checkAllMethodConsistent" classname="com.max.app.util.NumberUtilsTest" time="0"/>
  <testcase name="checkAllMethodConsistent" classname="com.max.app.util.NumberUtilsTest" time="0.001"/>
  <testcase name="checkAllMethodConsistent" classname="com.max.app.util.NumberUtilsTest" time="0"/>
  <testcase name="checkAllMethodConsistent" classname="com.max.app.util.NumberUtilsTest" time="0.001"/>
  <testcase name="checkAllMethodConsistent" classname="com.max.app.util.NumberUtilsTest" time="0"/>
  <testcase name="checkAllMethodConsistent" classname="com.max.app.util.NumberUtilsTest" time="0.001"/>
  <testcase name="checkAllMethodConsistent" classname="com.max.app.util.NumberUtilsTest" time="0"/>
  <testcase name="checkAllMethodConsistent" classname="com.max.app.util.NumberUtilsTest" time="0.001"/>
  <testcase name="checkAllMethodConsistent" classname="com.max.app.util.NumberUtilsTest" time="0"/>
  <testcase name="checkAllMethodConsistent" classname="com.max.app.util.NumberUtilsTest" time="0"/>
  <testcase name="checkAllMethodConsistent" classname="com.max.app.util.NumberUtilsTest" time="0.001"/>
  <testcase name="checkAllMethodConsistent" classname="com.max.app.util.NumberUtilsTest" time="0"/>
  <testcase name="checkAllMethodConsistent" classname="com.max.app.util.NumberUtilsTest" time="0"/>
  <testcase name="checkAllMethodConsistent" classname="com.max.app.util.NumberUtilsTest" time="0"/>
  <testcase name="checkAllMethodConsistent" classname="com.max.app.util.NumberUtilsTest" time="0"/>
  <testcase name="checkAllMethodConsistent" classname="com.max.app.util.NumberUtilsTest" time="0"/>
  <testcase name="checkAllMethodConsistent" classname="com.max.app.util.NumberUtilsTest" time="0"/>
  <testcase name="checkAllMethodConsistent" classname="com.max.app.util.NumberUtilsTest" time="0"/>
  <testcase name="checkAllMethodConsistent" classname="com.max.app.util.NumberUtilsTest" time="0"/>
  <testcase name="checkAllMethodConsistent" classname="com.max.app.util.NumberUtilsTest" time="0"/>
  <testcase name="checkAllMethodConsistent" classname="com.max.app.util.NumberUtilsTest" time="0"/>
  <testcase name="checkAllMethodConsistent" classname="com.max.app.util.NumberUtilsTest" time="0.001"/>
  <testcase name="checkAllMethodConsistent" classname="com.max.app.util.NumberUtilsTest" time="0"/>
  <testcase name="checkAllMethodConsistent" classname="com.max.app.util.NumberUtilsTest" time="0.001"/>
  <testcase name="checkAllMethodConsistent" classname="com.max.app.util.NumberUtilsTest" time="0"/>
  <testcase name="checkAllMethodConsistent" classname="com.max.app.util.NumberUtilsTest" time="0"/>
  <testcase name="checkAllMethodConsistent" classname="com.max.app.util.NumberUtilsTest" time="0"/>
  <testcase name="checkAllMethodConsistent" classname="com.max.app.util.NumberUtilsTest" time="0"/>
  <testcase name="checkAllMethodConsistent" classname="com.max.app.util.NumberUtilsTest" time="0"/>
  <testcase name="checkAllMethodConsistent" classname="com.max.app.util.NumberUtilsTest" time="0"/>
  <testcase name="checkAllMethodConsistent" classname="com.max.app.util.NumberUtilsTest" time="0"/>
  <testcase name="checkAllMethodConsistent" classname="com.max.app.util.NumberUtilsTest" time="0"/>
  <testcase name="checkAllMethodConsistent" classname="com.max.app.util.NumberUtilsTest" time="0"/>
  <testcase name="checkAllMethodConsistent" classname="com.max.app.util.NumberUtilsTest" time="0"/>
  <testcase name="checkAllMethodConsistent" classname="com.max.app.util.NumberUtilsTest" time="0"/>
  <testcase name="checkAllMethodConsistent" classname="com.max.app.util.NumberUtilsTest" time="0"/>
  <testcase name="checkAllMethodConsistent" classname="com.max.app.util.NumberUtilsTest" time="0"/>
  <testcase name="checkAllMethodConsistent" classname="com.max.app.util.NumberUtilsTest" time="0"/>
  <testcase name="checkAllMethodConsistent" classname="com.max.app.util.NumberUtilsTest" time="0.001"/>
  <testcase name="checkAllMethodConsistent" classname="com.max.app.util.NumberUtilsTest" time="0"/>
  <testcase name="checkAllMethodConsistent" classname="com.max.app.util.NumberUtilsTest" time="0.001"/>
  <testcase name="checkAllMethodConsistent" classname="com.max.app.util.NumberUtilsTest" time="0"/>
  <testcase name="checkAllMethodConsistent" classname="com.max.app.util.NumberUtilsTest" time="0.001"/>
  <testcase name="checkAllMethodConsistent" classname="com.max.app.util.NumberUtilsTest" time="0"/>
  <testcase name="checkAllMethodConsistent" classname="com.max.app.util.NumberUtilsTest" time="0.001"/>
  <testcase name="checkAllMethodConsistent" classname="com.max.app.util.NumberUtilsTest" time="0"/>
  <testcase name="checkAllMethodConsistent" classname="com.max.app.util.NumberUtilsTest" time="0.001"/>
  <testcase name="checkAllMethodConsistent" classname="com.max.app.util.NumberUtilsTest" time="0"/>
  <testcase name="checkAllMethodConsistent" classname="com.max.app.util.NumberUtilsTest" time="0.001"/>
  <testcase name="checkAllMethodConsistent" classname="com.max.app.util.NumberUtilsTest" time="0"/>
  <testcase name="checkAllMethodConsistent" classname="com.max.app.util.NumberUtilsTest" time="0.001"/>
  <testcase name="checkAllMethodConsistent" classname="com.max.app.util.NumberUtilsTest" time="0"/>
  <testcase name="checkAllMethodConsistent" classname="com.max.app.util.NumberUtilsTest" time="0.001"/>
  <testcase name="checkAllMethodConsistent" classname="com.max.app.util.NumberUtilsTest" time="0"/>
  <testcase name="checkAllMethodConsistent" classname="com.max.app.util.NumberUtilsTest" time="0"/>
  <testcase name="checkAllMethodConsistent" classname="com.max.app.util.NumberUtilsTest" time="0"/>
  <testcase name="checkAllMethodConsistent" classname="com.max.app.util.NumberUtilsTest" time="0"/>
  <testcase name="checkAllMethodConsistent" classname="com.max.app.util.NumberUtilsTest" time="0"/>
  <testcase name="checkAllMethodConsistent" classname="com.max.app.util.NumberUtilsTest" time="0"/>
  <testcase name="checkAllMethodConsistent" classname="com.max.app.util.NumberUtilsTest" time="0"/>
  <testcase name="checkAllMethodConsistent" classname="com.max.app.util.NumberUtilsTest" time="0"/>
  <testcase name="checkAllMethodConsistent" classname="com.max.app.util.NumberUtilsTest" time="0"/>
  <testcase name="checkAllMethodConsistent" classname="com.max.app.util.NumberUtilsTest" time="0"/>
  <testcase name="isPalindromeTrue(int)[1]" classname="com.max.app.util.NumberUtilsTest" time="0"/>
  <testcase name="isPalindromeTrue(int)[2]" classname="com.max.app.util.NumberUtilsTest" time="0.001"/>
  <testcase name="isPalindromeTrue(int)[3]" classname="com.max.app.util.NumberUtilsTest" time="0"/>
  <testcase name="isPalindromeTrue(int)[4]" classname="com.max.app.util.NumberUtilsTest" time="0"/>
  <testcase name="isPalindromeTrue(int)[5]" classname="com.max.app.util.NumberUtilsTest" time="0.001"/>
  <testcase name="isPalindromeTrue(int)[6]" classname="com.max.app.util.NumberUtilsTest" time="0"/>
  <testcase name="isPalindromeTrue(int)[7]" classname="com.max.app.util.NumberUtilsTest" time="0"/>
</testsuite>